<?xml version="1.0" encoding="UTF-8"?>
<!-- Generated by org.testng.reporters.JUnitReportReporter -->
<testsuite ignored="0" hostname="MX-IT04738" failures="0" tests="1" name="prueba.NewTest" time="3.108" errors="0" timestamp="27 Aug 2022 15:22:41 GMT" skipped="0">
  <testcase classname="prueba.NewTest" name="test1" time="3.108"/>
</testsuite> <!-- prueba.NewTest -->
