<?xml version="1.0" encoding="UTF-8"?>
<!-- Generated by org.testng.reporters.JUnitReportReporter -->
<testsuite ignored="0" hostname="MX-IT04738" failures="0" tests="1" name="prueba.Test_HardAssert" time="6.594" errors="0" timestamp="24 Sep 2022 13:52:04 GMT" skipped="0">
  <testcase classname="prueba.Test_HardAssert" name="VerificarTituloDePagina" time="6.594"/>
</testsuite> <!-- prueba.Test_HardAssert -->
