<?xml version="1.0" encoding="UTF-8"?>
<!-- Generated by org.testng.reporters.JUnitReportReporter -->
<testsuite ignored="0" hostname="MX-IT04738" failures="0" tests="1" name="testCases_Search.TC_01_SearchDress" time="10.559" errors="0" timestamp="24 Sep 2022 16:21:35 GMT" skipped="0">
  <testcase classname="testCases_Search.TC_01_SearchDress" name="TC_01" time="10.559"/>
</testsuite> <!-- testCases_Search.TC_01_SearchDress -->
